\BOOKMARK [0][-]{titulo.0}{P\341gina de T\355tulo}{}% 1
\BOOKMARK [0][-]{chapter*.1}{Agradecimientos}{}% 2
\BOOKMARK [0][-]{chapter*.2}{Resumen}{}% 3
\BOOKMARK [0][-]{indices.0}{\315ndices}{}% 4
\BOOKMARK [1][-]{tabla de contenidos.1}{Tabla de contenidos}{indices.0}% 5
\BOOKMARK [1][-]{indice de figuras.1}{\315ndice de figuras}{indices.0}% 6
\BOOKMARK [1][-]{indice de tablas.1}{\315ndice de tablas}{indices.0}% 7
\BOOKMARK [-1][-]{part.1}{I Conceptos b\341sicos}{}% 8
\BOOKMARK [0][-]{chapter.1}{Introducci\363n}{part.1}% 9
\BOOKMARK [1][-]{section.1.1}{Motivaci\363n}{chapter.1}% 10
\BOOKMARK [1][-]{section.1.2}{Justificaci\363n}{chapter.1}% 11
\BOOKMARK [1][-]{section.1.3}{Objetivos}{chapter.1}% 12
\BOOKMARK [2][-]{subsection.1.3.1}{Objetivos generales}{section.1.3}% 13
\BOOKMARK [2][-]{subsection.1.3.2}{Objetivos espec\355ficos}{section.1.3}% 14
\BOOKMARK [1][-]{section.1.4}{Alcance}{chapter.1}% 15
\BOOKMARK [1][-]{section.1.5}{Tecnolog\355as utilizadas}{chapter.1}% 16
\BOOKMARK [2][-]{subsection.1.5.1}{Hardware}{section.1.5}% 17
\BOOKMARK [2][-]{subsection.1.5.2}{Software}{section.1.5}% 18
\BOOKMARK [0][-]{chapter.2}{An\341lisis y fundamentos te\363ricos}{part.1}% 19
\BOOKMARK [1][-]{section.2.1}{An\341lisis del problema}{chapter.2}% 20
\BOOKMARK [2][-]{subsection.2.1.1}{Diagramas de casos de uso}{section.2.1}% 21
\BOOKMARK [2][-]{subsection.2.1.2}{Definici\363n de casos de uso}{section.2.1}% 22
\BOOKMARK [2][-]{subsection.2.1.3}{Requerimientos funcionales}{section.2.1}% 23
\BOOKMARK [2][-]{subsection.2.1.4}{Requerimientos no funcionales}{section.2.1}% 24
\BOOKMARK [1][-]{section.2.2}{Elecciones de implementaci\363n}{chapter.2}% 25
\BOOKMARK [2][-]{subsection.2.2.1}{Lenguaje de programaci\363n}{section.2.2}% 26
\BOOKMARK [2][-]{subsection.2.2.2}{Lenguajes compilados}{section.2.2}% 27
\BOOKMARK [2][-]{subsection.2.2.3}{Programaci\363n orientada a objetos}{section.2.2}% 28
\BOOKMARK [1][-]{section.2.3}{Conceptos del lado del servidor}{chapter.2}% 29
\BOOKMARK [2][-]{subsection.2.3.1}{Arquitectura}{section.2.3}% 30
\BOOKMARK [2][-]{subsection.2.3.2}{Protocolo HTTP}{section.2.3}% 31
\BOOKMARK [2][-]{subsection.2.3.3}{Formato de respuestas}{section.2.3}% 32
\BOOKMARK [2][-]{subsection.2.3.4}{Servlet}{section.2.3}% 33
\BOOKMARK [2][-]{subsection.2.3.5}{Framework}{section.2.3}% 34
\BOOKMARK [1][-]{section.2.4}{Conceptos del lado del cliente}{chapter.2}% 35
\BOOKMARK [2][-]{subsection.2.4.1}{Sistema operativo Android}{section.2.4}% 36
\BOOKMARK [2][-]{subsection.2.4.2}{Interfaz de programaci\363n de aplicaciones}{section.2.4}% 37
\BOOKMARK [2][-]{subsection.2.4.3}{Sensores de un smartphone}{section.2.4}% 38
\BOOKMARK [-1][-]{part.2}{II Encuestando FCM}{}% 39
\BOOKMARK [0][-]{chapter.3}{Dise\361o y desarrollo del servidor}{part.2}% 40
\BOOKMARK [1][-]{section.3.1}{Base de datos}{chapter.3}% 41
\BOOKMARK [2][-]{subsection.3.1.1}{Gestor de la base de datos}{section.3.1}% 42
\BOOKMARK [2][-]{subsection.3.1.2}{Modelado del problema}{section.3.1}% 43
\BOOKMARK [1][-]{section.3.2}{Web Service}{chapter.3}% 44
\BOOKMARK [2][-]{subsection.3.2.1}{Proyecto Maven}{section.3.2}% 45
\BOOKMARK [2][-]{subsection.3.2.2}{Mapeo objeto-relacional}{section.3.2}% 46
\BOOKMARK [2][-]{subsection.3.2.3}{Hibernate y sus configuraciones}{section.3.2}% 47
\BOOKMARK [2][-]{subsection.3.2.4}{Arquitectura}{section.3.2}% 48
\BOOKMARK [2][-]{subsection.3.2.5}{Spring y dise\361o de las capas}{section.3.2}% 49
\BOOKMARK [2][-]{subsection.3.2.6}{Puesta en funcionamiento del Web Service}{section.3.2}% 50
\BOOKMARK [2][-]{subsection.3.2.7}{Estructura del proyecto}{section.3.2}% 51
\BOOKMARK [2][-]{subsection.3.2.8}{Servicios}{section.3.2}% 52
\BOOKMARK [0][-]{chapter.4}{Dise\361o y desarrollo de la aplicaci\363n m\363vil}{part.2}% 53
\BOOKMARK [1][-]{section.4.1}{Proyecto Android}{chapter.4}% 54
\BOOKMARK [2][-]{subsection.4.1.1}{Componentes b\341sicos de una aplicaci\363n Android}{section.4.1}% 55
\BOOKMARK [2][-]{subsection.4.1.2}{Estructura del proyecto}{section.4.1}% 56
\BOOKMARK [2][-]{subsection.4.1.3}{Actividades y ciclo de vida de una aplicaci\363n}{section.4.1}% 57
\BOOKMARK [2][-]{subsection.4.1.4}{Conexi\363n Web Service - Aplicaci\363n}{section.4.1}% 58
\BOOKMARK [2][-]{subsection.4.1.5}{Interfaz de usuario}{section.4.1}% 59
\BOOKMARK [1][-]{section.4.2}{Geo posicionamiento}{chapter.4}% 60
\BOOKMARK [1][-]{section.4.3}{Servicios externos}{chapter.4}% 61
\BOOKMARK [2][-]{subsection.4.3.1}{API Firebase}{section.4.3}% 62
\BOOKMARK [2][-]{subsection.4.3.2}{API Google Maps y Picker}{section.4.3}% 63
\BOOKMARK [2][-]{subsection.4.3.3}{Librer\355a MPAndroidChart}{section.4.3}% 64
\BOOKMARK [2][-]{subsection.4.3.4}{Librer\355a OpenCsv}{section.4.3}% 65
\BOOKMARK [1][-]{section.4.4}{Modelado de la aplicaci\363n}{chapter.4}% 66
\BOOKMARK [1][-]{section.4.5}{Presentaci\363n de EncuestandoFCM}{chapter.4}% 67
\BOOKMARK [2][-]{subsection.4.5.1}{Login y registro de usuario}{section.4.5}% 68
\BOOKMARK [2][-]{subsection.4.5.2}{Men\372 principal}{section.4.5}% 69
\BOOKMARK [2][-]{subsection.4.5.3}{Secci\363n noticias e informaciones \(I\046N\)}{section.4.5}% 70
\BOOKMARK [2][-]{subsection.4.5.4}{Secci\363n administrar encuestas}{section.4.5}% 71
\BOOKMARK [2][-]{subsection.4.5.5}{Secci\363n encuestas disponibles}{section.4.5}% 72
\BOOKMARK [2][-]{subsection.4.5.6}{Evaluaci\363n de resultados}{section.4.5}% 73
\BOOKMARK [-1][-]{part.3}{III Testeo y conclusiones}{}% 74
\BOOKMARK [0][-]{chapter.5}{Testing}{part.3}% 75
\BOOKMARK [1][-]{section.5.1}{Pruebas autom\341ticas de software}{chapter.5}% 76
\BOOKMARK [1][-]{section.5.2}{Pruebas de usuario}{chapter.5}% 77
\BOOKMARK [0][-]{chapter.6}{Conclusiones y desarrollos futuros}{part.3}% 78
\BOOKMARK [1][-]{section.6.1}{Conclusiones finales}{chapter.6}% 79
\BOOKMARK [1][-]{section.6.2}{Desarrollos futuros}{chapter.6}% 80
\BOOKMARK [-1][-]{chapter*.45}{Bibliograf\355a}{}% 81
\BOOKMARK [-1][-]{part.4}{IV Ap\351ndices}{}% 82
\BOOKMARK [0][-]{appendix.Alph1}{Fichas de casos de uso}{part.4}% 83
